Compiling C:\Users\Hector Pastrana\Documents\Programas modulo temporizador\V1 on 25-oct.-23 at 12:10
>>> Warning 225 "C:\Program Files (x86)\PICC\Devices\16f883.h" Line 71(15,19): Duplicate #define
>>> Warning 225 "C:\Program Files (x86)\PICC\Devices\16f883.h" Line 72(15,19): Duplicate #define
>>> Warning 225 "C:\Program Files (x86)\PICC\Devices\16f883.h" Line 73(15,19): Duplicate #define
>>> Warning 225 "C:\Program Files (x86)\PICC\Devices\16f883.h" Line 74(15,19): Duplicate #define
>>> Warning 225 "C:\Program Files (x86)\PICC\Devices\16f883.h" Line 75(15,19): Duplicate #define
>>> Warning 225 "C:\Program Files (x86)\PICC\Devices\16f883.h" Line 76(15,19): Duplicate #define
>>> Warning 225 "C:\Program Files (x86)\PICC\Devices\16f883.h" Line 77(15,19): Duplicate #define
>>> Warning 225 "C:\Program Files (x86)\PICC\Devices\16f883.h" Line 78(15,19): Duplicate #define
>>> Warning 225 "C:\Program Files (x86)\PICC\Devices\16f883.h" Line 80(15,19): Duplicate #define
>>> Warning 225 "C:\Program Files (x86)\PICC\Devices\16f883.h" Line 81(15,19): Duplicate #define
>>> Warning 225 "C:\Program Files (x86)\PICC\Devices\16f883.h" Line 82(15,19): Duplicate #define
>>> Warning 225 "C:\Program Files (x86)\PICC\Devices\16f883.h" Line 83(15,19): Duplicate #define
>>> Warning 225 "C:\Program Files (x86)\PICC\Devices\16f883.h" Line 84(15,19): Duplicate #define
>>> Warning 225 "C:\Program Files (x86)\PICC\Devices\16f883.h" Line 85(15,19): Duplicate #define
>>> Warning 225 "C:\Program Files (x86)\PICC\Devices\16f883.h" Line 86(15,19): Duplicate #define
>>> Warning 225 "C:\Program Files (x86)\PICC\Devices\16f883.h" Line 87(15,19): Duplicate #define
>>> Warning 225 "C:\Program Files (x86)\PICC\Devices\16f883.h" Line 89(15,19): Duplicate #define
>>> Warning 225 "C:\Program Files (x86)\PICC\Devices\16f883.h" Line 90(15,19): Duplicate #define
>>> Warning 225 "C:\Program Files (x86)\PICC\Devices\16f883.h" Line 91(15,19): Duplicate #define
>>> Warning 225 "C:\Program Files (x86)\PICC\Devices\16f883.h" Line 92(15,19): Duplicate #define
>>> Warning 225 "C:\Program Files (x86)\PICC\Devices\16f883.h" Line 93(15,19): Duplicate #define
>>> Warning 225 "C:\Program Files (x86)\PICC\Devices\16f883.h" Line 94(15,19): Duplicate #define
>>> Warning 225 "C:\Program Files (x86)\PICC\Devices\16f883.h" Line 95(15,19): Duplicate #define
>>> Warning 225 "C:\Program Files (x86)\PICC\Devices\16f883.h" Line 96(15,19): Duplicate #define
>>> Warning 225 "C:\Program Files (x86)\PICC\Devices\16f883.h" Line 98(15,19): Duplicate #define
>>> Warning 225 "C:\Program Files (x86)\PICC\Devices\16f883.h" Line 101(14,16): Duplicate #define
>>> Warning 225 "C:\Program Files (x86)\PICC\Devices\16f883.h" Line 102(13,15): Duplicate #define
>>> Warning 225 "C:\Program Files (x86)\PICC\Devices\16f883.h" Line 104(13,18): Duplicate #define
>>> Warning 225 "C:\Program Files (x86)\PICC\Devices\16f883.h" Line 105(16,21): Duplicate #define
>>> Warning 225 "C:\Program Files (x86)\PICC\Devices\16f883.h" Line 107(13,19): Duplicate #define
>>> Warning 225 "C:\Program Files (x86)\PICC\Devices\16f883.h" Line 108(14,20): Duplicate #define
>>> Warning 225 "C:\Program Files (x86)\PICC\Devices\16f883.h" Line 109(16,22): Duplicate #define
>>> Warning 225 "C:\Program Files (x86)\PICC\Devices\16f883.h" Line 110(13,21): Duplicate #define
>>> Warning 225 "C:\Program Files (x86)\PICC\Devices\16f883.h" Line 111(14,22): Duplicate #define
>>> Warning 225 "C:\Program Files (x86)\PICC\Devices\16f883.h" Line 112(14,19): Duplicate #define
>>> Warning 225 "C:\Program Files (x86)\PICC\Devices\16f883.h" Line 113(14,19): Duplicate #define
>>> Warning 225 "C:\Program Files (x86)\PICC\Devices\16f883.h" Line 122(23,32): Duplicate #define
>>> Warning 225 "C:\Program Files (x86)\PICC\Devices\16f883.h" Line 123(20,32): Duplicate #define
>>> Warning 225 "C:\Program Files (x86)\PICC\Devices\16f883.h" Line 124(24,32): Duplicate #define
>>> Warning 225 "C:\Program Files (x86)\PICC\Devices\16f883.h" Line 125(22,32): Duplicate #define
>>> Warning 225 "C:\Program Files (x86)\PICC\Devices\16f883.h" Line 126(24,32): Duplicate #define
>>> Warning 225 "C:\Program Files (x86)\PICC\Devices\16f883.h" Line 127(25,32): Duplicate #define
>>> Warning 225 "C:\Program Files (x86)\PICC\Devices\16f883.h" Line 141(20,27): Duplicate #define
>>> Warning 225 "C:\Program Files (x86)\PICC\Devices\16f883.h" Line 142(22,25): Duplicate #define
>>> Warning 225 "C:\Program Files (x86)\PICC\Devices\16f883.h" Line 143(22,25): Duplicate #define
>>> Warning 225 "C:\Program Files (x86)\PICC\Devices\16f883.h" Line 145(17,24): Duplicate #define
>>> Warning 225 "C:\Program Files (x86)\PICC\Devices\16f883.h" Line 146(17,24): Duplicate #define
>>> Warning 225 "C:\Program Files (x86)\PICC\Devices\16f883.h" Line 147(17,24): Duplicate #define
>>> Warning 225 "C:\Program Files (x86)\PICC\Devices\16f883.h" Line 148(17,24): Duplicate #define
>>> Warning 225 "C:\Program Files (x86)\PICC\Devices\16f883.h" Line 149(18,24): Duplicate #define
>>> Warning 225 "C:\Program Files (x86)\PICC\Devices\16f883.h" Line 150(18,24): Duplicate #define
>>> Warning 225 "C:\Program Files (x86)\PICC\Devices\16f883.h" Line 151(18,24): Duplicate #define
>>> Warning 225 "C:\Program Files (x86)\PICC\Devices\16f883.h" Line 152(19,24): Duplicate #define
>>> Warning 225 "C:\Program Files (x86)\PICC\Devices\16f883.h" Line 153(19,24): Duplicate #define
>>> Warning 225 "C:\Program Files (x86)\PICC\Devices\16f883.h" Line 156(17,29): Duplicate #define
>>> Warning 225 "C:\Program Files (x86)\PICC\Devices\16f883.h" Line 160(22,28): Duplicate #define
>>> Warning 225 "C:\Program Files (x86)\PICC\Devices\16f883.h" Line 161(24,32): Duplicate #define
>>> Warning 225 "C:\Program Files (x86)\PICC\Devices\16f883.h" Line 162(24,27): Duplicate #define
>>> Warning 225 "C:\Program Files (x86)\PICC\Devices\16f883.h" Line 163(19,26): Duplicate #define
>>> Warning 225 "C:\Program Files (x86)\PICC\Devices\16f883.h" Line 164(19,26): Duplicate #define
>>> Warning 225 "C:\Program Files (x86)\PICC\Devices\16f883.h" Line 165(19,26): Duplicate #define
>>> Warning 225 "C:\Program Files (x86)\PICC\Devices\16f883.h" Line 166(19,26): Duplicate #define
>>> Warning 225 "C:\Program Files (x86)\PICC\Devices\16f883.h" Line 167(20,26): Duplicate #define
>>> Warning 225 "C:\Program Files (x86)\PICC\Devices\16f883.h" Line 168(20,26): Duplicate #define
>>> Warning 225 "C:\Program Files (x86)\PICC\Devices\16f883.h" Line 169(20,26): Duplicate #define
>>> Warning 225 "C:\Program Files (x86)\PICC\Devices\16f883.h" Line 170(21,26): Duplicate #define
>>> Warning 225 "C:\Program Files (x86)\PICC\Devices\16f883.h" Line 171(21,26): Duplicate #define
>>> Warning 225 "C:\Program Files (x86)\PICC\Devices\16f883.h" Line 172(19,31): Duplicate #define
>>> Warning 225 "C:\Program Files (x86)\PICC\Devices\16f883.h" Line 187(17,29): Duplicate #define
>>> Warning 225 "C:\Program Files (x86)\PICC\Devices\16f883.h" Line 188(17,29): Duplicate #define
>>> Warning 225 "C:\Program Files (x86)\PICC\Devices\16f883.h" Line 189(17,29): Duplicate #define
>>> Warning 225 "C:\Program Files (x86)\PICC\Devices\16f883.h" Line 190(18,29): Duplicate #define
>>> Warning 225 "C:\Program Files (x86)\PICC\Devices\16f883.h" Line 191(18,29): Duplicate #define
>>> Warning 225 "C:\Program Files (x86)\PICC\Devices\16f883.h" Line 192(18,29): Duplicate #define
>>> Warning 225 "C:\Program Files (x86)\PICC\Devices\16f883.h" Line 193(19,29): Duplicate #define
>>> Warning 225 "C:\Program Files (x86)\PICC\Devices\16f883.h" Line 194(19,29): Duplicate #define
>>> Warning 225 "C:\Program Files (x86)\PICC\Devices\16f883.h" Line 199(15,37): Duplicate #define
>>> Warning 225 "C:\Program Files (x86)\PICC\Devices\16f883.h" Line 200(16,36): Duplicate #define
>>> Warning 225 "C:\Program Files (x86)\PICC\Devices\16f883.h" Line 201(19,33): Duplicate #define
>>> Warning 225 "C:\Program Files (x86)\PICC\Devices\16f883.h" Line 202(18,33): Duplicate #define
>>> Warning 225 "C:\Program Files (x86)\PICC\Devices\16f883.h" Line 203(18,33): Duplicate #define
>>> Warning 225 "C:\Program Files (x86)\PICC\Devices\16f883.h" Line 204(18,33): Duplicate #define
>>> Warning 225 "C:\Program Files (x86)\PICC\Devices\16f883.h" Line 205(20,45): Duplicate #define
>>> Warning 225 "C:\Program Files (x86)\PICC\Devices\16f883.h" Line 206(20,33): Duplicate #define
>>> Warning 225 "C:\Program Files (x86)\PICC\Devices\16f883.h" Line 207(20,33): Duplicate #define
>>> Warning 225 "C:\Program Files (x86)\PICC\Devices\16f883.h" Line 208(20,33): Duplicate #define
>>> Warning 225 "C:\Program Files (x86)\PICC\Devices\16f883.h" Line 209(21,33): Duplicate #define
>>> Warning 225 "C:\Program Files (x86)\PICC\Devices\16f883.h" Line 210(21,33): Duplicate #define
>>> Warning 225 "C:\Program Files (x86)\PICC\Devices\16f883.h" Line 211(21,33): Duplicate #define
>>> Warning 225 "C:\Program Files (x86)\PICC\Devices\16f883.h" Line 212(22,33): Duplicate #define
>>> Warning 225 "C:\Program Files (x86)\PICC\Devices\16f883.h" Line 222(20,30): Duplicate #define
>>> Warning 225 "C:\Program Files (x86)\PICC\Devices\16f883.h" Line 223(20,30): Duplicate #define
>>> Warning 225 "C:\Program Files (x86)\PICC\Devices\16f883.h" Line 224(20,30): Duplicate #define
>>> Warning 225 "C:\Program Files (x86)\PICC\Devices\16f883.h" Line 225(25,30): Duplicate #define
>>> Warning 225 "C:\Program Files (x86)\PICC\Devices\16f883.h" Line 227(19,30): Duplicate #define
>>> Warning 225 "C:\Program Files (x86)\PICC\Devices\16f883.h" Line 229(20,30): Duplicate #define
>>> Warning 225 "C:\Program Files (x86)\PICC\Devices\16f883.h" Line 230(20,33): Duplicate #define
>>> Warning 225 "C:\Program Files (x86)\PICC\Devices\16f883.h" Line 231(20,33): Duplicate #define
>>> Warning 225 "C:\Program Files (x86)\PICC\Devices\16f883.h" Line 232(20,33): Duplicate #define
>>> Warning 225 "C:\Program Files (x86)\PICC\Devices\16f883.h" Line 234(16,31): Duplicate #define
>>> Warning 225 "C:\Program Files (x86)\PICC\Devices\16f883.h" Line 235(25,31): Duplicate #define
>>> Warning 225 "C:\Program Files (x86)\PICC\Devices\16f883.h" Line 244(20,30): Duplicate #define
>>> Warning 225 "C:\Program Files (x86)\PICC\Devices\16f883.h" Line 245(20,30): Duplicate #define
>>> Warning 225 "C:\Program Files (x86)\PICC\Devices\16f883.h" Line 246(20,30): Duplicate #define
>>> Warning 225 "C:\Program Files (x86)\PICC\Devices\16f883.h" Line 247(21,31): Duplicate #define
>>> Warning 225 "C:\Program Files (x86)\PICC\Devices\16f883.h" Line 257(16,43): Duplicate #define
>>> Warning 225 "C:\Program Files (x86)\PICC\Devices\16f883.h" Line 258(23,46): Duplicate #define
>>> Warning 225 "C:\Program Files (x86)\PICC\Devices\16f883.h" Line 259(23,46): Duplicate #define
>>> Warning 225 "C:\Program Files (x86)\PICC\Devices\16f883.h" Line 260(26,46): Duplicate #define
>>> Warning 225 "C:\Program Files (x86)\PICC\Devices\16f883.h" Line 261(27,46): Duplicate #define
>>> Warning 225 "C:\Program Files (x86)\PICC\Devices\16f883.h" Line 262(33,46): Duplicate #define
>>> Warning 225 "C:\Program Files (x86)\PICC\Devices\16f883.h" Line 263(33,46): Duplicate #define
>>> Warning 225 "C:\Program Files (x86)\PICC\Devices\16f883.h" Line 264(24,55): Duplicate #define
>>> Warning 225 "C:\Program Files (x86)\PICC\Devices\16f883.h" Line 265(32,54): Duplicate #define
>>> Warning 225 "C:\Program Files (x86)\PICC\Devices\16f883.h" Line 266(16,50): Duplicate #define
>>> Warning 225 "C:\Program Files (x86)\PICC\Devices\16f883.h" Line 267(23,55): Duplicate #define
>>> Warning 225 "C:\Program Files (x86)\PICC\Devices\16f883.h" Line 268(23,55): Duplicate #define
>>> Warning 225 "C:\Program Files (x86)\PICC\Devices\16f883.h" Line 269(23,55): Duplicate #define
>>> Warning 238 "C:\Program Files (x86)\PICC\Devices\16f883.h" Line 272(2,6): Duplicate #locate
>>> Warning 238 "C:\Program Files (x86)\PICC\Devices\16f883.h" Line 273(2,6): Duplicate #locate
>>> Warning 225 "C:\Program Files (x86)\PICC\Devices\16f883.h" Line 275(20,45): Duplicate #define
>>> Warning 225 "C:\Program Files (x86)\PICC\Devices\16f883.h" Line 276(20,45): Duplicate #define
>>> Warning 225 "C:\Program Files (x86)\PICC\Devices\16f883.h" Line 277(20,45): Duplicate #define
>>> Warning 225 "C:\Program Files (x86)\PICC\Devices\16f883.h" Line 278(20,45): Duplicate #define
>>> Warning 225 "C:\Program Files (x86)\PICC\Devices\16f883.h" Line 280(28,45): Duplicate #define
>>> Warning 225 "C:\Program Files (x86)\PICC\Devices\16f883.h" Line 281(32,45): Duplicate #define
>>> Warning 225 "C:\Program Files (x86)\PICC\Devices\16f883.h" Line 282(28,45): Duplicate #define
>>> Warning 225 "C:\Program Files (x86)\PICC\Devices\16f883.h" Line 284(30,49): Duplicate #define
>>> Warning 225 "C:\Program Files (x86)\PICC\Devices\16f883.h" Line 285(30,49): Duplicate #define
>>> Warning 225 "C:\Program Files (x86)\PICC\Devices\16f883.h" Line 286(29,49): Duplicate #define
>>> Warning 225 "C:\Program Files (x86)\PICC\Devices\16f883.h" Line 287(29,49): Duplicate #define
>>> Warning 225 "C:\Program Files (x86)\PICC\Devices\16f883.h" Line 288(35,49): Duplicate #define
>>> Warning 225 "C:\Program Files (x86)\PICC\Devices\16f883.h" Line 289(35,49): Duplicate #define
>>> Warning 225 "C:\Program Files (x86)\PICC\Devices\16f883.h" Line 290(34,49): Duplicate #define
>>> Warning 225 "C:\Program Files (x86)\PICC\Devices\16f883.h" Line 292(26,49): Duplicate #define
>>> Warning 225 "C:\Program Files (x86)\PICC\Devices\16f883.h" Line 293(26,49): Duplicate #define
>>> Warning 225 "C:\Program Files (x86)\PICC\Devices\16f883.h" Line 294(26,49): Duplicate #define
>>> Warning 225 "C:\Program Files (x86)\PICC\Devices\16f883.h" Line 296(26,49): Duplicate #define
>>> Warning 225 "C:\Program Files (x86)\PICC\Devices\16f883.h" Line 297(26,49): Duplicate #define
>>> Warning 225 "C:\Program Files (x86)\PICC\Devices\16f883.h" Line 298(26,49): Duplicate #define
>>> Warning 225 "C:\Program Files (x86)\PICC\Devices\16f883.h" Line 300(29,53): Duplicate #define
>>> Warning 225 "C:\Program Files (x86)\PICC\Devices\16f883.h" Line 302(29,51): Duplicate #define
>>> Warning 225 "C:\Program Files (x86)\PICC\Devices\16f883.h" Line 303(29,51): Duplicate #define
>>> Warning 225 "C:\Program Files (x86)\PICC\Devices\16f883.h" Line 304(29,51): Duplicate #define
>>> Warning 225 "C:\Program Files (x86)\PICC\Devices\16f883.h" Line 305(29,51): Duplicate #define
>>> Warning 225 "C:\Program Files (x86)\PICC\Devices\16f883.h" Line 306(32,51): Duplicate #define
>>> Warning 238 "C:\Program Files (x86)\PICC\Devices\16f883.h" Line 306(9,15): Duplicate #locate
>>> Warning 238 "C:\Program Files (x86)\PICC\Devices\16f883.h" Line 314(2,6): Duplicate #locate
>>> Warning 238 "C:\Program Files (x86)\PICC\Devices\16f883.h" Line 315(2,6): Duplicate #locate
>>> Warning 238 "C:\Program Files (x86)\PICC\Devices\16f883.h" Line 315(61,63): Duplicate #locate
>>> Warning 225 "C:\Program Files (x86)\PICC\Devices\16f883.h" Line 325(21,39): Duplicate #define
>>> Warning 225 "C:\Program Files (x86)\PICC\Devices\16f883.h" Line 326(19,39): Duplicate #define
>>> Warning 225 "C:\Program Files (x86)\PICC\Devices\16f883.h" Line 327(18,39): Duplicate #define
>>> Warning 225 "C:\Program Files (x86)\PICC\Devices\16f883.h" Line 328(26,39): Duplicate #define
>>> Warning 225 "C:\Program Files (x86)\PICC\Devices\16f883.h" Line 329(25,39): Duplicate #define
>>> Warning 225 "C:\Program Files (x86)\PICC\Devices\16f883.h" Line 330(22,39): Duplicate #define
>>> Warning 225 "C:\Program Files (x86)\PICC\Devices\16f883.h" Line 331(23,39): Duplicate #define
>>> Warning 225 "C:\Program Files (x86)\PICC\Devices\16f883.h" Line 332(23,39): Duplicate #define
>>> Warning 225 "C:\Program Files (x86)\PICC\Devices\16f883.h" Line 333(19,39): Duplicate #define
>>> Warning 225 "C:\Program Files (x86)\PICC\Devices\16f883.h" Line 334(24,39): Duplicate #define
>>> Warning 225 "C:\Program Files (x86)\PICC\Devices\16f883.h" Line 336(24,40): Duplicate #define
>>> Warning 225 "C:\Program Files (x86)\PICC\Devices\16f883.h" Line 337(24,40): Duplicate #define
>>> Warning 225 "C:\Program Files (x86)\PICC\Devices\16f883.h" Line 339(29,40): Duplicate #define
>>> Warning 225 "C:\Program Files (x86)\PICC\Devices\16f883.h" Line 340(26,40): Duplicate #define
>>> Warning 225 "C:\Program Files (x86)\PICC\Devices\16f883.h" Line 343(19,42): Duplicate #define
>>> Warning 225 "C:\Program Files (x86)\PICC\Devices\16f883.h" Line 344(19,43): Duplicate #define
>>> Warning 225 "C:\Program Files (x86)\PICC\Devices\16f883.h" Line 357(21,33): Duplicate #define
>>> Warning 225 "C:\Program Files (x86)\PICC\Devices\16f883.h" Line 358(18,33): Duplicate #define
>>> Warning 225 "C:\Program Files (x86)\PICC\Devices\16f883.h" Line 359(24,33): Duplicate #define
>>> Warning 225 "C:\Program Files (x86)\PICC\Devices\16f883.h" Line 360(31,33): Duplicate #define
>>> Warning 225 "C:\Program Files (x86)\PICC\Devices\16f883.h" Line 361(27,34): Duplicate #define
>>> Warning 225 "C:\Program Files (x86)\PICC\Devices\16f883.h" Line 362(24,34): Duplicate #define
>>> Warning 225 "C:\Program Files (x86)\PICC\Devices\16f883.h" Line 370(20,27): Duplicate #define
>>> Warning 225 "C:\Program Files (x86)\PICC\Devices\16f883.h" Line 371(14,27): Duplicate #define
>>> Warning 225 "C:\Program Files (x86)\PICC\Devices\16f883.h" Line 374(18,33): Duplicate #define
>>> Warning 225 "C:\Program Files (x86)\PICC\Devices\16f883.h" Line 375(18,33): Duplicate #define
>>> Warning 225 "C:\Program Files (x86)\PICC\Devices\16f883.h" Line 376(18,33): Duplicate #define
>>> Warning 225 "C:\Program Files (x86)\PICC\Devices\16f883.h" Line 377(18,33): Duplicate #define
>>> Warning 225 "C:\Program Files (x86)\PICC\Devices\16f883.h" Line 378(20,33): Duplicate #define
>>> Warning 225 "C:\Program Files (x86)\PICC\Devices\16f883.h" Line 379(20,33): Duplicate #define
>>> Warning 225 "C:\Program Files (x86)\PICC\Devices\16f883.h" Line 380(20,33): Duplicate #define
>>> Warning 225 "C:\Program Files (x86)\PICC\Devices\16f883.h" Line 381(20,33): Duplicate #define
>>> Warning 225 "C:\Program Files (x86)\PICC\Devices\16f883.h" Line 383(22,33): Duplicate #define
>>> Warning 225 "C:\Program Files (x86)\PICC\Devices\16f883.h" Line 384(19,33): Duplicate #define
>>> Warning 225 "C:\Program Files (x86)\PICC\Devices\16f883.h" Line 385(26,38): Duplicate #define
>>> Warning 225 "C:\Program Files (x86)\PICC\Devices\16f883.h" Line 388(18,33): Duplicate #define
>>> Warning 225 "C:\Program Files (x86)\PICC\Devices\16f883.h" Line 389(18,33): Duplicate #define
>>> Warning 225 "C:\Program Files (x86)\PICC\Devices\16f883.h" Line 390(18,33): Duplicate #define
>>> Warning 225 "C:\Program Files (x86)\PICC\Devices\16f883.h" Line 391(18,33): Duplicate #define
>>> Warning 225 "C:\Program Files (x86)\PICC\Devices\16f883.h" Line 392(20,33): Duplicate #define
>>> Warning 225 "C:\Program Files (x86)\PICC\Devices\16f883.h" Line 393(20,33): Duplicate #define
>>> Warning 225 "C:\Program Files (x86)\PICC\Devices\16f883.h" Line 394(20,33): Duplicate #define
>>> Warning 225 "C:\Program Files (x86)\PICC\Devices\16f883.h" Line 395(20,33): Duplicate #define
>>> Warning 225 "C:\Program Files (x86)\PICC\Devices\16f883.h" Line 397(22,33): Duplicate #define
>>> Warning 225 "C:\Program Files (x86)\PICC\Devices\16f883.h" Line 398(19,33): Duplicate #define
>>> Warning 225 "C:\Program Files (x86)\PICC\Devices\16f883.h" Line 399(26,38): Duplicate #define
>>> Warning 225 "C:\Program Files (x86)\PICC\Devices\16f883.h" Line 402(20,33): Duplicate #define
>>> Warning 225 "C:\Program Files (x86)\PICC\Devices\16f883.h" Line 403(20,33): Duplicate #define
>>> Warning 238 "C:\Program Files (x86)\PICC\Devices\16f883.h" Line 406(2,5): Duplicate #locate
>>> Warning 238 "C:\Program Files (x86)\PICC\Devices\16f883.h" Line 406(19,21): Duplicate #locate
>>> Warning 225 "C:\Program Files (x86)\PICC\Devices\16f883.h" Line 413(17,23): Duplicate #define
>>> Warning 225 "C:\Program Files (x86)\PICC\Devices\16f883.h" Line 414(18,23): Duplicate #define
>>> Warning 225 "C:\Program Files (x86)\PICC\Devices\16f883.h" Line 423(18,22): Duplicate #define
>>> Warning 225 "C:\Program Files (x86)\PICC\Devices\16f883.h" Line 424(19,25): Duplicate #define
>>> Warning 225 "C:\Program Files (x86)\PICC\Devices\16f883.h" Line 425(19,25): Duplicate #define
>>> Warning 225 "C:\Program Files (x86)\PICC\Devices\16f883.h" Line 426(19,25): Duplicate #define
>>> Warning 225 "C:\Program Files (x86)\PICC\Devices\16f883.h" Line 427(17,25): Duplicate #define
>>> Warning 225 "C:\Program Files (x86)\PICC\Devices\16f883.h" Line 428(17,25): Duplicate #define
>>> Warning 225 "C:\Program Files (x86)\PICC\Devices\16f883.h" Line 429(17,25): Duplicate #define
>>> Warning 225 "C:\Program Files (x86)\PICC\Devices\16f883.h" Line 430(17,25): Duplicate #define
>>> Warning 225 "C:\Program Files (x86)\PICC\Devices\16f883.h" Line 431(18,22): Duplicate #define
>>> Warning 225 "C:\Program Files (x86)\PICC\Devices\16f883.h" Line 432(19,22): Duplicate #define
>>> Warning 225 "C:\Program Files (x86)\PICC\Devices\16f883.h" Line 436(25,27): Duplicate #define
>>> Warning 225 "C:\Program Files (x86)\PICC\Devices\16f883.h" Line 437(25,27): Duplicate #define
>>> Warning 225 "C:\Program Files (x86)\PICC\Devices\16f883.h" Line 452(16,53): Duplicate #define
>>> Warning 225 "C:\Program Files (x86)\PICC\Devices\16f883.h" Line 453(24,33): Duplicate #define
>>> Warning 225 "C:\Program Files (x86)\PICC\Devices\16f883.h" Line 454(24,33): Duplicate #define
>>> Warning 225 "C:\Program Files (x86)\PICC\Devices\16f883.h" Line 455(25,33): Duplicate #define
>>> Warning 225 "C:\Program Files (x86)\PICC\Devices\16f883.h" Line 456(27,60): Duplicate #define
>>> Warning 225 "C:\Program Files (x86)\PICC\Devices\16f883.h" Line 467(13,39): Duplicate #define
>>> Warning 225 "C:\Program Files (x86)\PICC\Devices\16f883.h" Line 468(13,39): Duplicate #define
>>> Warning 225 "C:\Program Files (x86)\PICC\Devices\16f883.h" Line 469(13,39): Duplicate #define
>>> Warning 225 "C:\Program Files (x86)\PICC\Devices\16f883.h" Line 470(13,39): Duplicate #define
>>> Warning 225 "C:\Program Files (x86)\PICC\Devices\16f883.h" Line 471(13,39): Duplicate #define
>>> Warning 225 "C:\Program Files (x86)\PICC\Devices\16f883.h" Line 472(13,39): Duplicate #define
>>> Warning 225 "C:\Program Files (x86)\PICC\Devices\16f883.h" Line 473(13,39): Duplicate #define
>>> Warning 225 "C:\Program Files (x86)\PICC\Devices\16f883.h" Line 474(13,39): Duplicate #define
>>> Warning 225 "C:\Program Files (x86)\PICC\Devices\16f883.h" Line 475(13,39): Duplicate #define
>>> Warning 225 "C:\Program Files (x86)\PICC\Devices\16f883.h" Line 476(13,39): Duplicate #define
>>> Warning 225 "C:\Program Files (x86)\PICC\Devices\16f883.h" Line 477(14,39): Duplicate #define
>>> Warning 225 "C:\Program Files (x86)\PICC\Devices\16f883.h" Line 478(14,39): Duplicate #define
>>> Warning 225 "C:\Program Files (x86)\PICC\Devices\16f883.h" Line 479(14,39): Duplicate #define
>>> Warning 225 "C:\Program Files (x86)\PICC\Devices\16f883.h" Line 480(14,39): Duplicate #define
>>> Warning 225 "C:\Program Files (x86)\PICC\Devices\16f883.h" Line 481(19,40): Duplicate #define
>>> Warning 225 "C:\Program Files (x86)\PICC\Devices\16f883.h" Line 482(19,78): Duplicate #define
>>> Warning 225 "C:\Program Files (x86)\PICC\Devices\16f883.h" Line 485(16,59): Duplicate #define
>>> Warning 225 "C:\Program Files (x86)\PICC\Devices\16f883.h" Line 486(17,60): Duplicate #define
>>> Warning 225 "C:\Program Files (x86)\PICC\Devices\16f883.h" Line 487(18,63): Duplicate #define
>>> Warning 225 "C:\Program Files (x86)\PICC\Devices\16f883.h" Line 488(17,62): Duplicate #define
>>> Warning 225 "C:\Program Files (x86)\PICC\Devices\16f883.h" Line 491(27,82): Duplicate #define
>>> Warning 225 "C:\Program Files (x86)\PICC\Devices\16f883.h" Line 492(23,33): Duplicate #define
>>> Warning 225 "C:\Program Files (x86)\PICC\Devices\16f883.h" Line 493(22,33): Duplicate #define
>>> Warning 225 "C:\Program Files (x86)\PICC\Devices\16f883.h" Line 734(15,35): Duplicate #define
>>> Warning 225 "C:\Program Files (x86)\PICC\Devices\16f883.h" Line 735(15,35): Duplicate #define
>>> Warning 225 "C:\Program Files (x86)\PICC\Devices\16f883.h" Line 737(15,41): Duplicate #define
>>> Warning 225 "C:\Program Files (x86)\PICC\Devices\16f883.h" Line 738(15,41): Duplicate #define
>>> Warning 225 "C:\Program Files (x86)\PICC\Devices\16f883.h" Line 739(17,43): Duplicate #define
>>> Warning 225 "C:\Program Files (x86)\PICC\Devices\16f883.h" Line 740(15,45): Duplicate #define
>>> Warning 225 "C:\Program Files (x86)\PICC\Devices\16f883.h" Line 741(20,45): Duplicate #define
>>> Warning 225 "C:\Program Files (x86)\PICC\Devices\16f883.h" Line 742(20,45): Duplicate #define
>>> Warning 225 "C:\Program Files (x86)\PICC\Devices\16f883.h" Line 743(16,43): Duplicate #define
>>> Warning 225 "C:\Program Files (x86)\PICC\Devices\16f883.h" Line 744(15,43): Duplicate #define
>>> Warning 225 "C:\Program Files (x86)\PICC\Devices\16f883.h" Line 745(16,43): Duplicate #define
>>> Warning 225 "C:\Program Files (x86)\PICC\Devices\16f883.h" Line 746(16,43): Duplicate #define
>>> Warning 225 "C:\Program Files (x86)\PICC\Devices\16f883.h" Line 747(19,43): Duplicate #define
>>> Warning 225 "C:\Program Files (x86)\PICC\Devices\16f883.h" Line 748(19,43): Duplicate #define
>>> Warning 225 "C:\Program Files (x86)\PICC\Devices\16f883.h" Line 749(17,43): Duplicate #define
>>> Warning 225 "C:\Program Files (x86)\PICC\Devices\16f883.h" Line 750(17,43): Duplicate #define
>>> Warning 225 "C:\Program Files (x86)\PICC\Devices\16f883.h" Line 751(16,43): Duplicate #define
>>> Warning 225 "C:\Program Files (x86)\PICC\Devices\16f883.h" Line 752(19,43): Duplicate #define
>>> Warning 225 "C:\Program Files (x86)\PICC\Devices\16f883.h" Line 753(19,43): Duplicate #define
>>> Warning 225 "C:\Program Files (x86)\PICC\Devices\16f883.h" Line 754(19,43): Duplicate #define
>>> Warning 225 "C:\Program Files (x86)\PICC\Devices\16f883.h" Line 755(21,43): Duplicate #define
>>> Warning 225 "C:\Program Files (x86)\PICC\Devices\16f883.h" Line 756(17,43): Duplicate #define
>>> Warning 225 "C:\Program Files (x86)\PICC\Devices\16f883.h" Line 757(18,43): Duplicate #define
>>> Warning 225 "C:\Program Files (x86)\PICC\Devices\16f883.h" Line 758(18,43): Duplicate #define
>>> Warning 225 "C:\Program Files (x86)\PICC\Devices\16f883.h" Line 759(16,44): Duplicate #define
>>> Warning 225 "C:\Program Files (x86)\PICC\Devices\16f883.h" Line 760(16,44): Duplicate #define
>>> Warning 225 "C:\Program Files (x86)\PICC\Devices\16f883.h" Line 761(16,44): Duplicate #define
>>> Warning 225 "C:\Program Files (x86)\PICC\Devices\16f883.h" Line 762(16,44): Duplicate #define
>>> Warning 225 "C:\Program Files (x86)\PICC\Devices\16f883.h" Line 763(16,44): Duplicate #define
>>> Warning 225 "C:\Program Files (x86)\PICC\Devices\16f883.h" Line 764(16,44): Duplicate #define
>>> Warning 225 "C:\Program Files (x86)\PICC\Devices\16f883.h" Line 765(16,44): Duplicate #define
>>> Warning 225 "C:\Program Files (x86)\PICC\Devices\16f883.h" Line 766(16,44): Duplicate #define
>>> Warning 203 "V1.c" Line 19(1,1): Condition always TRUE
      Memory usage:   ROM=3%      RAM=3% - 4%
      0 Errors,  275 Warnings.
Build Successful.
