
ROM used:   130/4096 (3%)
            130/4096 (3%) including unused fragments

            0.1 Average locations per line
            3.0 Average locations per statement

RAM used:   8/256 (3%) at main() level
            9/256 (4%) worst case

Stack used: 1 worst case (1 in main + 0 for interrupts)
Stack size: 8

Lines Stmts  %   Files
----- ----- ---  -----
   82    43 100  V1.c
    5     0   0  V1.h
  769     0   0  ..\..\..\..\Program Files (x86)\PICC\Devices\16F883.h
  769     0   0  ..\..\..\..\Program Files (x86)\PICC\Devices\16f883.h
----- -----
 1625    43 Total

Page ROM  %  RAM    Vol Diff  Functions:
---- --- --- ---    --- ----  ----------
0     20  15    1   1112  4.9  @delay_ms2
0    106  82    3   1112  4.9  main
 Inline         0             @cinit1

Program metrics:
    Functions               2
    Statements              43
    Comments                301
    Volume (V)              2576
    Difficulty (D)          9.8
    Effort to implement (E) 25237
    Time to implement (T)   23 minutes
    Est Delivered Bugs (B)  0
    Cyclomatic Complexity   14
    Maintainability (MI)    90

 Segment     Used  Free
-----------  ----  ----
00000-00003     4  0  
00004-007FF   126  1918  
00800-00FFF     0  2048  



